Start testing: Sep 11 20:57 UTC
----------------------------------------------------------
1/1 Testing: tests
1/1 Test: tests
Command: "/boost-test/build/tests"
Directory: /boost-test/build
"tests" start time: Sep 11 20:57 UTC
Output:
----------------------------------------------------------
Running 1 test case...

[1;32;49m*** No errors detected
[0;39;49m
<end of output>
Test time =   0.01 sec
----------------------------------------------------------
Test Passed.
"tests" end time: Sep 11 20:57 UTC
"tests" time elapsed: 00:00:00
----------------------------------------------------------

End testing: Sep 11 20:57 UTC
